<?xml version="1.0" encoding="UTF-8"?>
<!-- Generated by org.testng.reporters.JUnitXMLReporter -->
<testsuite ignored="17" hostname="DESKTOP-ED32DBB" failures="0" tests="1" name="Default test" time="12.592" errors="0" timestamp="2023-09-06T18:29:12 EDT">
  <testcase classname="testLayer.HomepageTest" name="pagination" time="7.093"/>
  <testcase classname="testLayer.HomepageTest" name="keywordsearch" time="0.0">
    <ignored/>
  </testcase> <!-- keywordsearch -->
  <testcase classname="testLayer.HomepageTest" name="filterdeals" time="0.0">
    <ignored/>
  </testcase> <!-- filterdeals -->
  <testcase classname="testLayer.HomepageTest" name="categorysearch" time="0.0">
    <ignored/>
  </testcase> <!-- categorysearch -->
  <testcase classname="testLayer.HomepageTest" name="productnavigation" time="0.0">
    <ignored/>
  </testcase> <!-- productnavigation -->
  <testcase classname="testLayer.HomepageTest" name="descriptiontextsearch" time="0.0">
    <ignored/>
  </testcase> <!-- descriptiontextsearch -->
  <testcase classname="testLayer.HomepageTest" name="productinfo" time="0.0">
    <ignored/>
  </testcase> <!-- productinfo -->
  <testcase classname="testLayer.HomepageTest" name="filteravailability" time="0.0">
    <ignored/>
  </testcase> <!-- filteravailability -->
  <testcase classname="testLayer.HomepageTest" name="filternewarrival" time="0.0">
    <ignored/>
  </testcase> <!-- filternewarrival -->
  <testcase classname="testLayer.HomepageTest" name="sorting" time="0.0">
    <ignored/>
  </testcase> <!-- sorting -->
  <testcase classname="testLayer.HomepageTest" name="filterprice" time="0.0">
    <ignored/>
  </testcase> <!-- filterprice -->
  <testcase classname="testLayer.HomepageTest" name="filterbrand" time="0.0">
    <ignored/>
  </testcase> <!-- filterbrand -->
  <testcase classname="testLayer.HomepageTest" name="filterrating" time="0.0">
    <ignored/>
  </testcase> <!-- filterrating -->
  <testcase classname="testLayer.HomepageTest" name="filterbybestseller" time="0.0">
    <ignored/>
  </testcase> <!-- filterbybestseller -->
  <testcase classname="testLayer.HomepageTest" name="sortfilter" time="0.0">
    <ignored/>
  </testcase> <!-- sortfilter -->
  <testcase classname="testLayer.HomepageTest" name="numberofproducts" time="0.0">
    <ignored/>
  </testcase> <!-- numberofproducts -->
  <testcase classname="testLayer.HomepageTest" name="partialitemsearch" time="0.0">
    <ignored/>
  </testcase> <!-- partialitemsearch -->
  <testcase classname="testLayer.HomepageTest" name="sortfilterpagination" time="0.0">
    <ignored/>
  </testcase> <!-- sortfilterpagination -->
</testsuite> <!-- Default test -->
