<?xml version="1.0" encoding="UTF-8"?>
<testng-results ignored="0" total="1" passed="1" failed="0" skipped="0">
  <reporter-output>
  </reporter-output>
  <suite started-at="2023-09-06T18:28:59 EDT" name="Default suite" finished-at="2023-09-06T18:29:12 EDT" duration-ms="12592">
    <groups>
    </groups>
    <test started-at="2023-09-06T18:28:59 EDT" name="Default test" finished-at="2023-09-06T18:29:12 EDT" duration-ms="12592">
      <class name="testLayer.HomepageTest">
        <test-method is-config="true" signature="initsetup()[pri:0, instance:testLayer.HomepageTest@618b19ad]" started-at="2023-09-06T18:28:59 EDT" name="initsetup" finished-at="2023-09-06T18:29:05 EDT" duration-ms="5265" status="PASS">
          <reporter-output>
          </reporter-output>
        </test-method> <!-- initsetup -->
        <test-method signature="pagination()[pri:0, instance:testLayer.HomepageTest@618b19ad]" started-at="2023-09-06T18:29:05 EDT" name="pagination" finished-at="2023-09-06T18:29:12 EDT" duration-ms="7093" status="PASS">
          <reporter-output>
          </reporter-output>
        </test-method> <!-- pagination -->
        <test-method is-config="true" signature="quit()[pri:0, instance:testLayer.HomepageTest@618b19ad]" started-at="2023-09-06T18:29:12 EDT" name="quit" finished-at="2023-09-06T18:29:12 EDT" duration-ms="190" status="PASS">
          <reporter-output>
          </reporter-output>
        </test-method> <!-- quit -->
      </class> <!-- testLayer.HomepageTest -->
    </test> <!-- Default test -->
  </suite> <!-- Default suite -->
</testng-results>
